android/app/build/intermediates/manifest_merge_blame_file/debug/manifest-merger-blame-debug-report.txt
1<?xml version="1.0" encoding="utf-8"?>
2<manifest xmlns:android="http://schemas.android.com/apk/res/android"
3    package="momo.momo_partner.demo"
4    android:versionCode="1"
5    android:versionName="1.0" >
6
7    <uses-sdk
8        android:minSdkVersion="14"
8-->src/main/AndroidManifest.xml
9        android:targetSdkVersion="29" />
9-->src/main/AndroidManifest.xml
10
11    <uses-permission android:name="android.permission.INTERNET" />
11-->[:momo_partner_sdk] AndroidManifest.xml:11:5-67
11-->[:momo_partner_sdk] AndroidManifest.xml:11:22-64
12
13    <application
13-->src/main/AndroidManifest.xml:5:5-22:19
14        android:allowBackup="true"
14-->src/main/AndroidManifest.xml:6:9-35
15        android:appComponentFactory="androidx.core.app.CoreComponentFactory"
15-->[androidx.core:core:1.1.0] AndroidManifest.xml:24:18-86
16        android:debuggable="true"
17        android:hardwareAccelerated="true"
17-->[:momo_partner_sdk] AndroidManifest.xml:14:9-43
18        android:icon="@drawable/ic_launcher"
18-->src/main/AndroidManifest.xml:7:9-45
19        android:label="@string/app_name"
19-->src/main/AndroidManifest.xml:8:9-41
20        android:roundIcon="@drawable/ic_launcher"
20-->src/main/AndroidManifest.xml:9:9-50
21        android:supportsRtl="true"
21-->src/main/AndroidManifest.xml:10:9-35
22        android:testOnly="true"
23        android:theme="@style/AppTheme" >
23-->src/main/AndroidManifest.xml:11:9-40
24        <activity android:name="momo.momo_partner.demo.MainActivity" >
24-->src/main/AndroidManifest.xml:12:9-18:20
24-->src/main/AndroidManifest.xml:12:19-47
25            <intent-filter>
25-->src/main/AndroidManifest.xml:13:13-17:29
26                <action android:name="android.intent.action.MAIN" />
26-->src/main/AndroidManifest.xml:14:17-69
26-->src/main/AndroidManifest.xml:14:25-66
27
28                <category android:name="android.intent.category.LAUNCHER" />
28-->src/main/AndroidManifest.xml:16:17-77
28-->src/main/AndroidManifest.xml:16:27-74
29            </intent-filter>
30        </activity>
31        <activity android:name="momo.momo_partner.demo.PaymentActivity" />
31-->src/main/AndroidManifest.xml:19:9-52
31-->src/main/AndroidManifest.xml:19:19-50
32        <activity android:name="momo.momo_partner.demo.MappingActivity" />
32-->src/main/AndroidManifest.xml:20:9-52
32-->src/main/AndroidManifest.xml:20:19-50
33    </application>
34
35</manifest>